<?xml version="1.0" encoding="UTF-8"?>
<!-- Generated by org.testng.reporters.JUnitXMLReporter -->
<testsuite ignored="0" hostname="DESKTOP-3B5B190" failures="0" tests="4" name="Test" time="58.536" errors="0" timestamp="2021-08-07T18:15:22 IST">
  <testcase classname="Testcases.loginPageTest" name="login" time="0.355"/>
  <testcase classname="Testcases.loginPageTest" name="loginPageTitle" time="0.02"/>
  <testcase classname="Testcases.loginPageTest" name="loginUserValidate" time="5.906"/>
  <testcase classname="Testcases.ClassificationTest" name="splitClassification" time="45.677"/>
</testsuite> <!-- Test -->
