<?xml version="1.0" encoding="UTF-8"?>
<!-- Generated by org.testng.reporters.JUnitXMLReporter -->
<testsuite ignored="0" hostname="82e11c8c49be" failures="0" tests="3" name="Test" time="15.13" errors="0" timestamp="2021-09-22T07:59:16 UTC">
  <testcase classname="Testcases.loginPageTest" name="login" time="0.705"/>
  <testcase classname="Testcases.loginPageTest" name="loginPageTitle" time="0.018"/>
  <testcase classname="Testcases.loginPageTest" name="loginUserValidate" time="5.754"/>
</testsuite> <!-- Test -->
