<?xml version="1.0" encoding="UTF-8"?>
<testng-results ignored="0" total="3" passed="3" failed="0" skipped="0">
  <reporter-output>
  </reporter-output>
  <suite started-at="2021-09-22T07:59:01 UTC" name="Suite" finished-at="2021-09-22T07:59:16 UTC" duration-ms="15130">
    <groups>
    </groups>
    <test started-at="2021-09-22T07:59:01 UTC" name="Test" finished-at="2021-09-22T07:59:16 UTC" duration-ms="15130">
      <class name="Testcases.loginPageTest">
        <test-method is-config="true" signature="intialization()[pri:0, instance:Testcases.loginPageTest@6821ea29]" started-at="2021-09-22T07:59:01 UTC" name="intialization" finished-at="2021-09-22T07:59:09 UTC" duration-ms="8545" status="PASS">
          <reporter-output>
          </reporter-output>
        </test-method> <!-- intialization -->
        <test-method signature="login()[pri:0, instance:Testcases.loginPageTest@6821ea29]" started-at="2021-09-22T07:59:09 UTC" name="login" finished-at="2021-09-22T07:59:10 UTC" duration-ms="705" status="PASS">
          <reporter-output>
          </reporter-output>
        </test-method> <!-- login -->
        <test-method signature="loginPageTitle()[pri:0, instance:Testcases.loginPageTest@6821ea29]" started-at="2021-09-22T07:59:10 UTC" name="loginPageTitle" finished-at="2021-09-22T07:59:10 UTC" duration-ms="18" status="PASS">
          <reporter-output>
          </reporter-output>
        </test-method> <!-- loginPageTitle -->
        <test-method signature="loginUserValidate()[pri:0, instance:Testcases.loginPageTest@6821ea29]" started-at="2021-09-22T07:59:10 UTC" name="loginUserValidate" finished-at="2021-09-22T07:59:16 UTC" duration-ms="5754" status="PASS">
          <reporter-output>
          </reporter-output>
        </test-method> <!-- loginUserValidate -->
        <test-method is-config="true" signature="tearDown()[pri:0, instance:Testcases.loginPageTest@6821ea29]" started-at="2021-09-22T07:59:16 UTC" name="tearDown" finished-at="2021-09-22T07:59:16 UTC" duration-ms="66" status="PASS">
          <reporter-output>
          </reporter-output>
        </test-method> <!-- tearDown -->
      </class> <!-- Testcases.loginPageTest -->
    </test> <!-- Test -->
  </suite> <!-- Suite -->
</testng-results>
