<?xml version="1.0" encoding="UTF-8"?>
<testng-results ignored="0" total="4" passed="4" failed="0" skipped="0">
  <reporter-output>
  </reporter-output>
  <suite started-at="2021-08-07T18:14:23 IST" name="Suite" finished-at="2021-08-07T18:15:22 IST" duration-ms="58536">
    <groups>
    </groups>
    <test started-at="2021-08-07T18:14:23 IST" name="Test" finished-at="2021-08-07T18:15:22 IST" duration-ms="58536">
      <class name="Testcases.ClassificationTest">
        <test-method is-config="true" signature="intialization()[pri:0, instance:Testcases.ClassificationTest@2a7b6f69]" started-at="2021-08-07T18:14:33 IST" name="intialization" finished-at="2021-08-07T18:14:36 IST" duration-ms="2693" status="PASS">
          <reporter-output>
          </reporter-output>
        </test-method> <!-- intialization -->
        <test-method is-config="true" signature="login()[pri:0, instance:Testcases.ClassificationTest@2a7b6f69]" started-at="2021-08-07T18:14:36 IST" name="login" finished-at="2021-08-07T18:14:36 IST" duration-ms="293" status="PASS">
          <reporter-output>
          </reporter-output>
        </test-method> <!-- login -->
        <test-method signature="splitClassification()[pri:1, instance:Testcases.ClassificationTest@2a7b6f69]" started-at="2021-08-07T18:14:36 IST" name="splitClassification" finished-at="2021-08-07T18:15:22 IST" duration-ms="45677" status="PASS">
          <reporter-output>
          </reporter-output>
        </test-method> <!-- splitClassification -->
        <test-method is-config="true" signature="tearDown()[pri:0, instance:Testcases.ClassificationTest@2a7b6f69]" started-at="2021-08-07T18:15:22 IST" name="tearDown" finished-at="2021-08-07T18:15:22 IST" duration-ms="28" status="PASS">
          <reporter-output>
          </reporter-output>
        </test-method> <!-- tearDown -->
      </class> <!-- Testcases.ClassificationTest -->
      <class name="Testcases.loginPageTest">
        <test-method is-config="true" signature="intialization()[pri:0, instance:Testcases.loginPageTest@4e9658b5]" started-at="2021-08-07T18:14:23 IST" name="intialization" finished-at="2021-08-07T18:14:27 IST" duration-ms="3439" status="PASS">
          <reporter-output>
          </reporter-output>
        </test-method> <!-- intialization -->
        <test-method signature="login()[pri:0, instance:Testcases.loginPageTest@4e9658b5]" started-at="2021-08-07T18:14:27 IST" name="login" finished-at="2021-08-07T18:14:27 IST" duration-ms="355" status="PASS">
          <reporter-output>
          </reporter-output>
        </test-method> <!-- login -->
        <test-method signature="loginPageTitle()[pri:0, instance:Testcases.loginPageTest@4e9658b5]" started-at="2021-08-07T18:14:27 IST" name="loginPageTitle" finished-at="2021-08-07T18:14:27 IST" duration-ms="20" status="PASS">
          <reporter-output>
          </reporter-output>
        </test-method> <!-- loginPageTitle -->
        <test-method signature="loginUserValidate()[pri:0, instance:Testcases.loginPageTest@4e9658b5]" started-at="2021-08-07T18:14:27 IST" name="loginUserValidate" finished-at="2021-08-07T18:14:33 IST" duration-ms="5906" status="PASS">
          <reporter-output>
          </reporter-output>
        </test-method> <!-- loginUserValidate -->
        <test-method is-config="true" signature="tearDown()[pri:0, instance:Testcases.loginPageTest@4e9658b5]" started-at="2021-08-07T18:14:33 IST" name="tearDown" finished-at="2021-08-07T18:14:33 IST" duration-ms="62" status="PASS">
          <reporter-output>
          </reporter-output>
        </test-method> <!-- tearDown -->
      </class> <!-- Testcases.loginPageTest -->
    </test> <!-- Test -->
  </suite> <!-- Suite -->
</testng-results>
